[ 2024-01-12 14:09:23,742 ] 24 root - INFO - Data Ingestion method starts
[ 2024-01-12 14:09:23,803 ] 28 root - INFO - Dataset read as pandas Dataframe
[ 2024-01-12 14:09:24,062 ] 37 root - INFO - Train test split
[ 2024-01-12 14:09:24,331 ] 43 root - INFO - Ingestion of data is completed
[ 2024-01-12 14:09:24,425 ] 75 root - INFO - Read train and test data completed
[ 2024-01-12 14:09:24,425 ] 76 root - INFO - Train Dataframe Head : 
      ID  LIMIT_BAL  SEX  EDUCATION  MARRIAGE  AGE  PAY_1  PAY_2  PAY_3  PAY_4  PAY_5  PAY_6  BILL_AMT1  BILL_AMT2  BILL_AMT3  BILL_AMT4  BILL_AMT5  BILL_AMT6  PAY_AMT1  PAY_AMT2  PAY_AMT3  PAY_AMT4  PAY_AMT5  PAY_AMT6  def_pay
0  23322   280000.0    2          2         1   34     -2     -2     -2     -2     -2     -2     6398.0     8321.0    12798.0     3581.0    10310.0    11717.0    8331.0   12805.0    3587.0   10361.0   11734.0    8800.0        0
1   4551    30000.0    1          3         1   64      2      2      2      0      0      0    13594.0    14078.0    14547.0    15304.0    16056.0    20196.0    1000.0    1000.0    1000.0    1000.0    4600.0       0.0        1
2  10423   200000.0    2          1         2   35      0     -1      0      0      0      0    13766.0    39072.0    44758.0    45571.0    40592.0     7145.0   39124.0   15000.0    1622.0    2068.0    1000.0    2031.0        0
3   5789   200000.0    2          2         1   44     -2     -2     -2     -2     -2     -2        0.0      138.0        0.0        0.0     1675.0       69.0     138.0       0.0       0.0    1675.0      69.0   39411.0        0
4   1935   300000.0    2          1         2   28      2     -1     -1      0      0     -2     1314.0      168.0     1080.0     1080.0        0.0        0.0     170.0    1080.0       0.0       0.0       0.0    2500.0        1
[ 2024-01-12 14:09:24,438 ] 77 root - INFO - Test Dataframe Head  : 
      ID  LIMIT_BAL  SEX  EDUCATION  MARRIAGE  AGE  PAY_1  PAY_2  PAY_3  PAY_4  PAY_5  PAY_6  BILL_AMT1  BILL_AMT2  BILL_AMT3  BILL_AMT4  BILL_AMT5  BILL_AMT6  PAY_AMT1  PAY_AMT2  PAY_AMT3  PAY_AMT4  PAY_AMT5  PAY_AMT6  def_pay
0  28479   100000.0    2          2         2   35     -1     -1     -1     -1     -1      0      326.0     2691.0      326.0      326.0      652.0      326.0    2691.0     326.0     326.0     652.0       0.0     326.0        1
1   3957   380000.0    1          1         2   33      0      0      0      0      0      0    70591.0    76715.0    80080.0    81162.0    89571.0    96627.0   10000.0    5000.0    5000.0   10000.0   10000.0   10000.0        0
2   7015   150000.0    2          2         2   41     -1     -1     -1      0     -1     -1     2371.0    40800.0     1995.0      285.0     4926.0     5523.0   40824.0    2340.0       0.0    4970.0    5527.0     903.0        0
3  18660    50000.0    2          2         1   22      0      0      2      0      0      0    25561.0    26951.0    26570.0    28085.0    27009.0    28142.0    2134.0    1000.0    2001.0     910.0    1510.0     500.0        0
4  15275   170000.0    2          3         2   29      0      0      0      0      0      0   116048.0   117485.0   119050.0   120225.0   122345.0   124302.0    4200.0    4300.0    4400.0    4518.0    4500.0    5000.0        1
[ 2024-01-12 14:09:24,438 ] 79 root - INFO - Obtaining preprocessing object
[ 2024-01-12 14:09:24,438 ] 35 root - INFO - Data Transformation initiated
[ 2024-01-12 14:09:24,438 ] 40 root - INFO - Pipeline Initiated
[ 2024-01-12 14:09:24,441 ] 120 root - INFO - Exception occured in the initiate_datatransformation
